{"contracts/CollectionController.sol":{"l":{"120":7,"121":7,"122":7,"123":7,"124":7,"125":7,"150":6,"166":6,"170":6,"174":6,"178":6,"179":6,"180":6,"181":6,"190":6,"192":6,"224":8,"228":7,"229":7,"234":6,"238":4,"239":4,"240":4,"241":4,"242":3,"244":2,"245":2,"247":1,"252":1,"258":3,"259":3,"263":3,"275":2,"276":2,"277":2,"292":0,"293":0,"295":0,"310":0,"320":1,"321":1,"322":1,"323":1,"324":1,"333":0,"334":0,"341":0,"355":1,"357":1,"361":1,"367":1,"369":1,"370":1,"385":1,"387":1,"391":1,"395":1,"400":1,"402":1,"403":1,"415":2,"417":2,"421":2,"425":2,"430":2,"432":2,"433":2,"441":0,"442":0,"446":0,"447":0,"448":0,"456":0,"457":0,"461":0,"465":0,"466":0,"474":0,"475":0,"479":0,"480":0,"481":0,"489":0,"490":0,"494":0,"498":0,"499":0,"513":3,"521":3,"522":3,"523":3,"534":3,"535":3,"538":3,"564":6,"575":6,"576":6,"577":6,"591":6,"592":6,"595":6},"path":"/Users/danielng/WorkStation/Var/VAR-POC-contract/contracts/CollectionController.sol","s":{"1":7,"2":7,"3":6,"4":6,"5":6,"6":6,"7":6,"8":6,"9":6,"10":6,"11":8,"12":7,"13":7,"14":6,"15":4,"16":4,"17":4,"18":3,"19":2,"20":2,"21":1,"22":1,"23":3,"24":3,"25":3,"26":2,"27":2,"28":0,"29":0,"30":0,"31":0,"32":1,"33":1,"34":1,"35":1,"36":1,"37":0,"38":0,"39":0,"40":1,"41":1,"42":1,"43":1,"44":1,"45":1,"46":1,"47":1,"48":1,"49":2,"50":2,"51":2,"52":2,"53":2,"54":0,"55":0,"56":0,"57":0,"58":0,"59":0,"60":0,"61":0,"62":0,"63":0,"64":0,"65":0,"66":0,"67":0,"68":0,"69":0,"70":3,"71":3,"72":3,"73":3,"74":3,"75":3,"76":6,"77":6,"78":6,"79":6,"80":6,"81":6},"b":{"1":[7,0],"2":[6,0],"3":[6,0],"4":[6,0],"5":[6,0],"6":[6,0],"7":[5,1],"8":[8,0],"9":[7,1],"10":[6,1],"11":[6,0],"12":[4,2],"13":[4,0],"14":[3,1],"15":[2,1],"16":[3,0],"17":[2,1],"18":[0,0],"19":[0,0],"20":[0,0],"21":[1,0],"22":[1,0],"23":[1,0],"24":[1,0],"25":[1,0],"26":[1,0],"27":[1,0],"28":[2,0],"29":[2,0],"30":[2,0],"31":[1,1],"32":[0,0],"33":[0,0],"34":[0,0],"35":[0,0],"36":[0,0],"37":[0,0],"38":[0,0],"39":[0,0],"40":[0,0],"41":[0,0],"42":[0,0],"43":[0,0]},"f":{"1":7,"2":6,"3":8,"4":0,"5":0,"6":1,"7":0,"8":0,"9":1,"10":1,"11":2,"12":0,"13":0,"14":0,"15":0,"16":3,"17":3,"18":6,"19":6},"fnMap":{"1":{"name":"initialize","line":119,"loc":{"start":{"line":114,"column":4},"end":{"line":126,"column":4}}},"2":{"name":"createCollection","line":138,"loc":{"start":{"line":138,"column":4},"end":{"line":203,"column":4}}},"3":{"name":"mintNFT","line":223,"loc":{"start":{"line":217,"column":4},"end":{"line":285,"column":4}}},"4":{"name":"withdraw","line":291,"loc":{"start":{"line":291,"column":4},"end":{"line":300,"column":4}}},"5":{"name":"collectionsByArtist","line":307,"loc":{"start":{"line":307,"column":4},"end":{"line":311,"column":4}}},"6":{"name":"getNFTInfo","line":316,"loc":{"start":{"line":316,"column":4},"end":{"line":325,"column":4}}},"7":{"name":"getNextTokenId","line":330,"loc":{"start":{"line":330,"column":4},"end":{"line":335,"column":4}}},"8":{"name":"isLayerMinted","line":340,"loc":{"start":{"line":340,"column":4},"end":{"line":342,"column":4}}},"9":{"name":"updateMintCap","line":354,"loc":{"start":{"line":354,"column":4},"end":{"line":371,"column":4}}},"10":{"name":"updateStartTime","line":381,"loc":{"start":{"line":381,"column":4},"end":{"line":404,"column":4}}},"11":{"name":"updateEndTime","line":414,"loc":{"start":{"line":414,"column":4},"end":{"line":434,"column":4}}},"12":{"name":"setFeeTo","line":440,"loc":{"start":{"line":440,"column":4},"end":{"line":449,"column":4}}},"13":{"name":"setRoyaltyFeeTo","line":455,"loc":{"start":{"line":455,"column":4},"end":{"line":467,"column":4}}},"14":{"name":"setRoyaltyFee","line":473,"loc":{"start":{"line":473,"column":4},"end":{"line":482,"column":4}}},"15":{"name":"setVerifier","line":488,"loc":{"start":{"line":488,"column":4},"end":{"line":500,"column":4}}},"16":{"name":"verifyMessage","line":504,"loc":{"start":{"line":504,"column":4},"end":{"line":524,"column":4}}},"17":{"name":"encodeData","line":526,"loc":{"start":{"line":526,"column":4},"end":{"line":550,"column":4}}},"18":{"name":"verifyCollectionCreationMessage","line":552,"loc":{"start":{"line":552,"column":4},"end":{"line":578,"column":4}}},"19":{"name":"encodeCollectionCreationData","line":580,"loc":{"start":{"line":580,"column":4},"end":{"line":610,"column":4}}}},"statementMap":{"1":{"start":{"line":120,"column":8},"end":{"line":120,"column":42}},"2":{"start":{"line":121,"column":8},"end":{"line":121,"column":58}},"3":{"start":{"line":150,"column":8},"end":{"line":150,"column":4545}},"4":{"start":{"line":166,"column":8},"end":{"line":166,"column":4949}},"5":{"start":{"line":170,"column":8},"end":{"line":170,"column":5079}},"6":{"start":{"line":174,"column":8},"end":{"line":174,"column":5221}},"7":{"start":{"line":178,"column":8},"end":{"line":178,"column":51}},"8":{"start":{"line":179,"column":8},"end":{"line":179,"column":51}},"9":{"start":{"line":190,"column":8},"end":{"line":190,"column":60}},"10":{"start":{"line":192,"column":8},"end":{"line":192,"column":5777}},"11":{"start":{"line":224,"column":8},"end":{"line":224,"column":6594}},"12":{"start":{"line":228,"column":8},"end":{"line":228,"column":64}},"13":{"start":{"line":229,"column":8},"end":{"line":229,"column":6794}},"14":{"start":{"line":234,"column":8},"end":{"line":234,"column":6983}},"15":{"start":{"line":238,"column":8},"end":{"line":238,"column":51}},"16":{"start":{"line":239,"column":8},"end":{"line":239,"column":36}},"17":{"start":{"line":241,"column":8},"end":{"line":241,"column":7293}},"18":{"start":{"line":242,"column":12},"end":{"line":242,"column":71}},"19":{"start":{"line":244,"column":12},"end":{"line":244,"column":59}},"20":{"start":{"line":245,"column":12},"end":{"line":245,"column":60}},"21":{"start":{"line":247,"column":12},"end":{"line":247,"column":7571}},"22":{"start":{"line":252,"column":12},"end":{"line":252,"column":7751}},"23":{"start":{"line":258,"column":8},"end":{"line":258,"column":47}},"24":{"start":{"line":259,"column":8},"end":{"line":259,"column":7983}},"25":{"start":{"line":263,"column":8},"end":{"line":263,"column":8114}},"26":{"start":{"line":276,"column":8},"end":{"line":276,"column":34}},"27":{"start":{"line":277,"column":8},"end":{"line":277,"column":8495}},"28":{"start":{"line":292,"column":8},"end":{"line":292,"column":8899}},"29":{"start":{"line":293,"column":12},"end":{"line":293,"column":65}},"30":{"start":{"line":295,"column":12},"end":{"line":295,"column":9027}},"31":{"start":{"line":310,"column":8},"end":{"line":310,"column":50}},"32":{"start":{"line":320,"column":8},"end":{"line":320,"column":64}},"33":{"start":{"line":321,"column":8},"end":{"line":321,"column":51}},"34":{"start":{"line":322,"column":8},"end":{"line":322,"column":49}},"35":{"start":{"line":323,"column":8},"end":{"line":323,"column":49}},"36":{"start":{"line":324,"column":8},"end":{"line":324,"column":32}},"37":{"start":{"line":333,"column":8},"end":{"line":333,"column":64}},"38":{"start":{"line":334,"column":8},"end":{"line":334,"column":66}},"39":{"start":{"line":341,"column":8},"end":{"line":341,"column":37}},"40":{"start":{"line":355,"column":8},"end":{"line":355,"column":64}},"41":{"start":{"line":357,"column":8},"end":{"line":357,"column":10929}},"42":{"start":{"line":361,"column":8},"end":{"line":361,"column":11072}},"43":{"start":{"line":367,"column":8},"end":{"line":367,"column":71}},"44":{"start":{"line":385,"column":8},"end":{"line":385,"column":64}},"45":{"start":{"line":387,"column":8},"end":{"line":387,"column":11863}},"46":{"start":{"line":391,"column":8},"end":{"line":391,"column":12006}},"47":{"start":{"line":395,"column":8},"end":{"line":395,"column":12178}},"48":{"start":{"line":400,"column":8},"end":{"line":400,"column":77}},"49":{"start":{"line":415,"column":8},"end":{"line":415,"column":64}},"50":{"start":{"line":417,"column":8},"end":{"line":417,"column":12885}},"51":{"start":{"line":421,"column":8},"end":{"line":421,"column":13028}},"52":{"start":{"line":425,"column":8},"end":{"line":425,"column":13171}},"53":{"start":{"line":430,"column":8},"end":{"line":430,"column":71}},"54":{"start":{"line":441,"column":8},"end":{"line":441,"column":32}},"55":{"start":{"line":442,"column":8},"end":{"line":442,"column":13673}},"56":{"start":{"line":446,"column":8},"end":{"line":446,"column":77}},"57":{"start":{"line":448,"column":8},"end":{"line":448,"column":50}},"58":{"start":{"line":456,"column":8},"end":{"line":456,"column":39}},"59":{"start":{"line":457,"column":8},"end":{"line":457,"column":14186}},"60":{"start":{"line":461,"column":8},"end":{"line":461,"column":14311}},"61":{"start":{"line":466,"column":8},"end":{"line":466,"column":64}},"62":{"start":{"line":474,"column":8},"end":{"line":474,"column":35}},"63":{"start":{"line":475,"column":8},"end":{"line":475,"column":14768}},"64":{"start":{"line":479,"column":8},"end":{"line":479,"column":77}},"65":{"start":{"line":481,"column":8},"end":{"line":481,"column":51}},"66":{"start":{"line":489,"column":8},"end":{"line":489,"column":38}},"67":{"start":{"line":490,"column":8},"end":{"line":490,"column":15270}},"68":{"start":{"line":494,"column":8},"end":{"line":494,"column":15391}},"69":{"start":{"line":499,"column":8},"end":{"line":499,"column":56}},"70":{"start":{"line":513,"column":8},"end":{"line":513,"column":15911}},"71":{"start":{"line":521,"column":8},"end":{"line":521,"column":65}},"72":{"start":{"line":522,"column":8},"end":{"line":522,"column":62}},"73":{"start":{"line":523,"column":8},"end":{"line":523,"column":36}},"74":{"start":{"line":534,"column":8},"end":{"line":534,"column":18}},"75":{"start":{"line":538,"column":8},"end":{"line":538,"column":16563}},"76":{"start":{"line":564,"column":8},"end":{"line":564,"column":17226}},"77":{"start":{"line":575,"column":8},"end":{"line":575,"column":65}},"78":{"start":{"line":576,"column":8},"end":{"line":576,"column":62}},"79":{"start":{"line":577,"column":8},"end":{"line":577,"column":36}},"80":{"start":{"line":591,"column":8},"end":{"line":591,"column":18}},"81":{"start":{"line":595,"column":8},"end":{"line":595,"column":18083}}},"branchMap":{"1":{"line":119,"type":"if","locations":[{"start":{"line":119,"column":13},"end":{"line":119,"column":13}},{"start":{"line":119,"column":13},"end":{"line":119,"column":13}}]},"2":{"line":150,"type":"if","locations":[{"start":{"line":150,"column":8},"end":{"line":150,"column":8}},{"start":{"line":150,"column":8},"end":{"line":150,"column":8}}]},"3":{"line":166,"type":"if","locations":[{"start":{"line":166,"column":8},"end":{"line":166,"column":8}},{"start":{"line":166,"column":8},"end":{"line":166,"column":8}}]},"4":{"line":170,"type":"if","locations":[{"start":{"line":170,"column":8},"end":{"line":170,"column":8}},{"start":{"line":170,"column":8},"end":{"line":170,"column":8}}]},"5":{"line":171,"type":"cond-expr","locations":[{"start":{"line":171,"column":12},"end":{"line":171,"column":38}},{"start":{"line":171,"column":43},"end":{"line":171,"column":56}}]},"6":{"line":174,"type":"if","locations":[{"start":{"line":174,"column":8},"end":{"line":174,"column":8}},{"start":{"line":174,"column":8},"end":{"line":174,"column":8}}]},"7":{"line":175,"type":"cond-expr","locations":[{"start":{"line":175,"column":12},"end":{"line":175,"column":30}},{"start":{"line":175,"column":35},"end":{"line":175,"column":46}}]},"8":{"line":223,"type":"if","locations":[{"start":{"line":223,"column":23},"end":{"line":223,"column":23}},{"start":{"line":223,"column":23},"end":{"line":223,"column":23}}]},"9":{"line":224,"type":"if","locations":[{"start":{"line":224,"column":8},"end":{"line":224,"column":8}},{"start":{"line":224,"column":8},"end":{"line":224,"column":8}}]},"10":{"line":229,"type":"if","locations":[{"start":{"line":229,"column":8},"end":{"line":229,"column":8}},{"start":{"line":229,"column":8},"end":{"line":229,"column":8}}]},"11":{"line":230,"type":"cond-expr","locations":[{"start":{"line":230,"column":12},"end":{"line":230,"column":50}},{"start":{"line":231,"column":16},"end":{"line":231,"column":40}}]},"12":{"line":234,"type":"if","locations":[{"start":{"line":234,"column":8},"end":{"line":234,"column":8}},{"start":{"line":234,"column":8},"end":{"line":234,"column":8}}]},"13":{"line":235,"type":"cond-expr","locations":[{"start":{"line":235,"column":12},"end":{"line":235,"column":47}},{"start":{"line":235,"column":52},"end":{"line":235,"column":74}}]},"14":{"line":241,"type":"if","locations":[{"start":{"line":241,"column":8},"end":{"line":241,"column":8}},{"start":{"line":241,"column":8},"end":{"line":241,"column":8}}]},"15":{"line":242,"type":"if","locations":[{"start":{"line":242,"column":12},"end":{"line":242,"column":12}},{"start":{"line":242,"column":12},"end":{"line":242,"column":12}}]},"16":{"line":259,"type":"if","locations":[{"start":{"line":259,"column":8},"end":{"line":259,"column":8}},{"start":{"line":259,"column":8},"end":{"line":259,"column":8}}]},"17":{"line":263,"type":"if","locations":[{"start":{"line":263,"column":8},"end":{"line":263,"column":8}},{"start":{"line":263,"column":8},"end":{"line":263,"column":8}}]},"18":{"line":291,"type":"if","locations":[{"start":{"line":291,"column":46},"end":{"line":291,"column":46}},{"start":{"line":291,"column":46},"end":{"line":291,"column":46}}]},"19":{"line":291,"type":"if","locations":[{"start":{"line":291,"column":56},"end":{"line":291,"column":56}},{"start":{"line":291,"column":56},"end":{"line":291,"column":56}}]},"20":{"line":292,"type":"if","locations":[{"start":{"line":292,"column":8},"end":{"line":292,"column":8}},{"start":{"line":292,"column":8},"end":{"line":292,"column":8}}]},"21":{"line":357,"type":"if","locations":[{"start":{"line":357,"column":8},"end":{"line":357,"column":8}},{"start":{"line":357,"column":8},"end":{"line":357,"column":8}}]},"22":{"line":361,"type":"if","locations":[{"start":{"line":361,"column":8},"end":{"line":361,"column":8}},{"start":{"line":361,"column":8},"end":{"line":361,"column":8}}]},"23":{"line":387,"type":"if","locations":[{"start":{"line":387,"column":8},"end":{"line":387,"column":8}},{"start":{"line":387,"column":8},"end":{"line":387,"column":8}}]},"24":{"line":391,"type":"if","locations":[{"start":{"line":391,"column":8},"end":{"line":391,"column":8}},{"start":{"line":391,"column":8},"end":{"line":391,"column":8}}]},"25":{"line":392,"type":"cond-expr","locations":[{"start":{"line":392,"column":12},"end":{"line":392,"column":49}},{"start":{"line":392,"column":54},"end":{"line":392,"column":78}}]},"26":{"line":395,"type":"if","locations":[{"start":{"line":395,"column":8},"end":{"line":395,"column":8}},{"start":{"line":395,"column":8},"end":{"line":395,"column":8}}]},"27":{"line":396,"type":"cond-expr","locations":[{"start":{"line":396,"column":12},"end":{"line":396,"column":39}},{"start":{"line":396,"column":44},"end":{"line":396,"column":58}}]},"28":{"line":417,"type":"if","locations":[{"start":{"line":417,"column":8},"end":{"line":417,"column":8}},{"start":{"line":417,"column":8},"end":{"line":417,"column":8}}]},"29":{"line":421,"type":"if","locations":[{"start":{"line":421,"column":8},"end":{"line":421,"column":8}},{"start":{"line":421,"column":8},"end":{"line":421,"column":8}}]},"30":{"line":425,"type":"if","locations":[{"start":{"line":425,"column":8},"end":{"line":425,"column":8}},{"start":{"line":425,"column":8},"end":{"line":425,"column":8}}]},"31":{"line":426,"type":"cond-expr","locations":[{"start":{"line":426,"column":12},"end":{"line":426,"column":42}},{"start":{"line":426,"column":47},"end":{"line":426,"column":59}}]},"32":{"line":440,"type":"if","locations":[{"start":{"line":440,"column":47},"end":{"line":440,"column":47}},{"start":{"line":440,"column":47},"end":{"line":440,"column":47}}]},"33":{"line":442,"type":"if","locations":[{"start":{"line":442,"column":8},"end":{"line":442,"column":8}},{"start":{"line":442,"column":8},"end":{"line":442,"column":8}}]},"34":{"line":446,"type":"if","locations":[{"start":{"line":446,"column":8},"end":{"line":446,"column":8}},{"start":{"line":446,"column":8},"end":{"line":446,"column":8}}]},"35":{"line":455,"type":"if","locations":[{"start":{"line":455,"column":61},"end":{"line":455,"column":61}},{"start":{"line":455,"column":61},"end":{"line":455,"column":61}}]},"36":{"line":457,"type":"if","locations":[{"start":{"line":457,"column":8},"end":{"line":457,"column":8}},{"start":{"line":457,"column":8},"end":{"line":457,"column":8}}]},"37":{"line":461,"type":"if","locations":[{"start":{"line":461,"column":8},"end":{"line":461,"column":8}},{"start":{"line":461,"column":8},"end":{"line":461,"column":8}}]},"38":{"line":473,"type":"if","locations":[{"start":{"line":473,"column":57},"end":{"line":473,"column":57}},{"start":{"line":473,"column":57},"end":{"line":473,"column":57}}]},"39":{"line":475,"type":"if","locations":[{"start":{"line":475,"column":8},"end":{"line":475,"column":8}},{"start":{"line":475,"column":8},"end":{"line":475,"column":8}}]},"40":{"line":479,"type":"if","locations":[{"start":{"line":479,"column":8},"end":{"line":479,"column":8}},{"start":{"line":479,"column":8},"end":{"line":479,"column":8}}]},"41":{"line":488,"type":"if","locations":[{"start":{"line":488,"column":53},"end":{"line":488,"column":53}},{"start":{"line":488,"column":53},"end":{"line":488,"column":53}}]},"42":{"line":490,"type":"if","locations":[{"start":{"line":490,"column":8},"end":{"line":490,"column":8}},{"start":{"line":490,"column":8},"end":{"line":490,"column":8}}]},"43":{"line":494,"type":"if","locations":[{"start":{"line":494,"column":8},"end":{"line":494,"column":8}},{"start":{"line":494,"column":8},"end":{"line":494,"column":8}}]}}},"contracts/interfaces/INFT.sol":{"l":{},"path":"/Users/danielng/WorkStation/Var/VAR-POC-contract/contracts/interfaces/INFT.sol","s":{},"b":{},"f":{},"fnMap":{},"statementMap":{},"branchMap":{}},"contracts/MemberPackageRegistry.sol":{"l":{"145":19,"146":19,"147":19,"155":0,"156":0,"160":0,"164":0,"165":0,"179":0,"190":3,"192":3,"202":7,"216":0,"230":4,"243":0,"254":3,"256":3,"266":7,"280":0,"294":4,"307":6,"310":6,"311":6,"313":6,"321":14,"322":12,"324":2,"327":14,"336":8,"337":8,"338":16,"339":12,"343":8,"346":8,"347":12,"352":8,"379":20,"380":20,"393":16,"395":16,"406":16,"430":7,"435":6,"448":3,"468":4,"474":3,"476":3,"501":20,"502":20,"515":16,"517":16,"528":16,"552":7,"556":6,"569":3,"587":4,"593":3,"595":3,"605":10,"610":9,"615":8,"621":4,"629":10,"634":9,"639":8,"645":4,"662":40,"663":38,"667":34,"669":32,"695":12,"696":12,"700":8,"702":8,"703":8,"707":6,"708":6,"709":6,"710":6,"711":6,"712":6,"713":6,"715":6,"716":0,"718":6,"727":16,"728":16,"733":14,"738":12,"744":10,"745":8,"750":6,"752":2,"759":8,"763":8,"764":2,"766":6,"768":8,"771":8},"path":"/Users/danielng/WorkStation/Var/VAR-POC-contract/contracts/MemberPackageRegistry.sol","s":{"1":19,"2":19,"3":0,"4":0,"5":0,"6":0,"7":0,"8":3,"9":3,"10":4,"11":0,"12":3,"13":3,"14":4,"15":6,"16":6,"17":6,"18":14,"19":8,"20":8,"21":16,"22":8,"23":8,"24":8,"25":20,"26":20,"27":16,"28":16,"29":7,"30":6,"31":3,"32":4,"33":3,"34":3,"35":20,"36":20,"37":16,"38":16,"39":7,"40":6,"41":3,"42":4,"43":3,"44":3,"45":10,"46":9,"47":8,"48":4,"49":10,"50":9,"51":8,"52":4,"53":40,"54":38,"55":34,"56":12,"57":12,"58":8,"59":8,"60":8,"61":6,"62":0,"63":6,"64":16,"65":16,"66":14,"67":12,"68":10,"69":8,"70":6,"71":2,"72":8,"73":8},"b":{"1":[19,0],"2":[0,0],"3":[0,0],"4":[0,0],"5":[12,2],"6":[12,4],"7":[20,1],"8":[7,1],"9":[6,1],"10":[4,1],"11":[3,1],"12":[20,1],"13":[7,1],"14":[6,1],"15":[4,1],"16":[3,1],"17":[9,1],"18":[8,1],"19":[9,1],"20":[8,1],"21":[38,2],"22":[34,4],"23":[32,2],"24":[12,0],"25":[8,4],"26":[8,0],"27":[6,2],"28":[0,6],"29":[14,2],"30":[12,2],"31":[10,2],"32":[0,10],"33":[8,2],"34":[6,2],"35":[2,6]},"f":{"1":19,"2":0,"3":0,"4":3,"5":7,"6":0,"7":4,"8":0,"9":3,"10":7,"11":0,"12":4,"13":6,"14":14,"15":8,"16":20,"17":7,"18":4,"19":20,"20":7,"21":4,"22":10,"23":10,"24":40,"25":12,"26":16},"fnMap":{"1":{"name":"initialize","line":144,"loc":{"start":{"line":144,"column":4},"end":{"line":148,"column":4}}},"2":{"name":"setRoyaltyFeeTo","line":154,"loc":{"start":{"line":154,"column":4},"end":{"line":166,"column":4}}},"3":{"name":"getActiveCreatorPackageId","line":174,"loc":{"start":{"line":174,"column":4},"end":{"line":180,"column":4}}},"4":{"name":"getActiveCreatorPackage","line":185,"loc":{"start":{"line":185,"column":4},"end":{"line":193,"column":4}}},"5":{"name":"getCreatorPackage","line":199,"loc":{"start":{"line":199,"column":4},"end":{"line":207,"column":4}}},"6":{"name":"getCreatorPackageByKeyId","line":213,"loc":{"start":{"line":213,"column":4},"end":{"line":221,"column":4}}},"7":{"name":"getCreatorPackageSubscription","line":227,"loc":{"start":{"line":227,"column":4},"end":{"line":236,"column":4}}},"8":{"name":"getActiveUserPackageId","line":242,"loc":{"start":{"line":242,"column":4},"end":{"line":244,"column":4}}},"9":{"name":"getActiveUserPackage","line":249,"loc":{"start":{"line":249,"column":4},"end":{"line":257,"column":4}}},"10":{"name":"getUserPackage","line":263,"loc":{"start":{"line":263,"column":4},"end":{"line":271,"column":4}}},"11":{"name":"getUserPackageByKeyId","line":277,"loc":{"start":{"line":277,"column":4},"end":{"line":285,"column":4}}},"12":{"name":"getUserPackageSubscription","line":291,"loc":{"start":{"line":291,"column":4},"end":{"line":300,"column":4}}},"13":{"name":"_getActiveMemberPackage","line":303,"loc":{"start":{"line":303,"column":4},"end":{"line":314,"column":4}}},"14":{"name":"_getMemberPackageInfo","line":316,"loc":{"start":{"line":316,"column":4},"end":{"line":328,"column":4}}},"15":{"name":"_getMemberPackageSubscription","line":330,"loc":{"start":{"line":330,"column":4},"end":{"line":353,"column":4}}},"16":{"name":"addCreatorPackage","line":378,"loc":{"start":{"line":369,"column":4},"end":{"line":407,"column":4}}},"17":{"name":"updateCreatorPackage","line":429,"loc":{"start":{"line":420,"column":4},"end":{"line":459,"column":4}}},"18":{"name":"deactiveCreatorPackage","line":467,"loc":{"start":{"line":465,"column":4},"end":{"line":477,"column":4}}},"19":{"name":"addUserPackage","line":500,"loc":{"start":{"line":491,"column":4},"end":{"line":529,"column":4}}},"20":{"name":"updateUserPackage","line":551,"loc":{"start":{"line":542,"column":4},"end":{"line":580,"column":4}}},"21":{"name":"deactiveUserPackage","line":586,"loc":{"start":{"line":586,"column":4},"end":{"line":596,"column":4}}},"22":{"name":"subscribeCreatorPackage","line":604,"loc":{"start":{"line":604,"column":4},"end":{"line":622,"column":4}}},"23":{"name":"subscribeUserPackage","line":628,"loc":{"start":{"line":628,"column":4},"end":{"line":646,"column":4}}},"24":{"name":"_addMemberPackage","line":650,"loc":{"start":{"line":650,"column":4},"end":{"line":681,"column":4}}},"25":{"name":"_updateMemberPackage","line":683,"loc":{"start":{"line":683,"column":4},"end":{"line":719,"column":4}}},"26":{"name":"_subscribeMemberPackage","line":721,"loc":{"start":{"line":721,"column":4},"end":{"line":772,"column":4}}}},"statementMap":{"1":{"start":{"line":145,"column":8},"end":{"line":145,"column":42}},"2":{"start":{"line":146,"column":8},"end":{"line":146,"column":58}},"3":{"start":{"line":155,"column":8},"end":{"line":155,"column":39}},"4":{"start":{"line":156,"column":8},"end":{"line":156,"column":4640}},"5":{"start":{"line":160,"column":8},"end":{"line":160,"column":4760}},"6":{"start":{"line":165,"column":8},"end":{"line":165,"column":64}},"7":{"start":{"line":179,"column":8},"end":{"line":179,"column":44}},"8":{"start":{"line":190,"column":8},"end":{"line":190,"column":72}},"9":{"start":{"line":192,"column":8},"end":{"line":192,"column":72}},"10":{"start":{"line":230,"column":8},"end":{"line":230,"column":6655}},"11":{"start":{"line":243,"column":8},"end":{"line":243,"column":41}},"12":{"start":{"line":254,"column":8},"end":{"line":254,"column":69}},"13":{"start":{"line":256,"column":8},"end":{"line":256,"column":69}},"14":{"start":{"line":294,"column":8},"end":{"line":294,"column":8362}},"15":{"start":{"line":307,"column":8},"end":{"line":307,"column":8768}},"16":{"start":{"line":310,"column":8},"end":{"line":310,"column":8877}},"17":{"start":{"line":313,"column":8},"end":{"line":313,"column":23}},"18":{"start":{"line":321,"column":8},"end":{"line":321,"column":9315}},"19":{"start":{"line":336,"column":8},"end":{"line":336,"column":22}},"20":{"start":{"line":337,"column":8},"end":{"line":337,"column":9795}},"21":{"start":{"line":338,"column":12},"end":{"line":338,"column":9856}},"22":{"start":{"line":343,"column":8},"end":{"line":343,"column":10034}},"23":{"start":{"line":346,"column":8},"end":{"line":346,"column":10081}},"24":{"start":{"line":352,"column":8},"end":{"line":352,"column":23}},"25":{"start":{"line":379,"column":8},"end":{"line":379,"column":54}},"26":{"start":{"line":380,"column":8},"end":{"line":380,"column":11226}},"27":{"start":{"line":393,"column":8},"end":{"line":393,"column":49}},"28":{"start":{"line":395,"column":8},"end":{"line":395,"column":11561}},"29":{"start":{"line":430,"column":8},"end":{"line":430,"column":12653}},"30":{"start":{"line":435,"column":8},"end":{"line":435,"column":12791}},"31":{"start":{"line":448,"column":8},"end":{"line":448,"column":13106}},"32":{"start":{"line":468,"column":8},"end":{"line":468,"column":13595}},"33":{"start":{"line":474,"column":8},"end":{"line":474,"column":53}},"34":{"start":{"line":476,"column":8},"end":{"line":476,"column":55}},"35":{"start":{"line":501,"column":8},"end":{"line":501,"column":48}},"36":{"start":{"line":502,"column":8},"end":{"line":502,"column":14749}},"37":{"start":{"line":515,"column":8},"end":{"line":515,"column":43}},"38":{"start":{"line":517,"column":8},"end":{"line":517,"column":15072}},"39":{"start":{"line":552,"column":8},"end":{"line":552,"column":16119}},"40":{"start":{"line":556,"column":8},"end":{"line":556,"column":16247}},"41":{"start":{"line":569,"column":8},"end":{"line":569,"column":16553}},"42":{"start":{"line":587,"column":8},"end":{"line":587,"column":17007}},"43":{"start":{"line":593,"column":8},"end":{"line":593,"column":47}},"44":{"start":{"line":595,"column":8},"end":{"line":595,"column":49}},"45":{"start":{"line":605,"column":8},"end":{"line":605,"column":17521}},"46":{"start":{"line":610,"column":8},"end":{"line":610,"column":17654}},"47":{"start":{"line":615,"column":8},"end":{"line":615,"column":17788}},"48":{"start":{"line":621,"column":8},"end":{"line":621,"column":76}},"49":{"start":{"line":629,"column":8},"end":{"line":629,"column":18219}},"50":{"start":{"line":634,"column":8},"end":{"line":634,"column":18346}},"51":{"start":{"line":639,"column":8},"end":{"line":639,"column":18477}},"52":{"start":{"line":645,"column":8},"end":{"line":645,"column":73}},"53":{"start":{"line":662,"column":8},"end":{"line":662,"column":68}},"54":{"start":{"line":663,"column":8},"end":{"line":663,"column":19210}},"55":{"start":{"line":667,"column":8},"end":{"line":667,"column":74}},"56":{"start":{"line":695,"column":8},"end":{"line":695,"column":68}},"57":{"start":{"line":696,"column":8},"end":{"line":696,"column":20244}},"58":{"start":{"line":700,"column":8},"end":{"line":700,"column":74}},"59":{"start":{"line":702,"column":8},"end":{"line":702,"column":79}},"60":{"start":{"line":703,"column":8},"end":{"line":703,"column":20548}},"61":{"start":{"line":715,"column":8},"end":{"line":715,"column":21004}},"62":{"start":{"line":716,"column":12},"end":{"line":716,"column":49}},"63":{"start":{"line":718,"column":8},"end":{"line":718,"column":34}},"64":{"start":{"line":727,"column":8},"end":{"line":727,"column":78}},"65":{"start":{"line":728,"column":8},"end":{"line":728,"column":21543}},"66":{"start":{"line":733,"column":8},"end":{"line":733,"column":21679}},"67":{"start":{"line":738,"column":8},"end":{"line":738,"column":21807}},"68":{"start":{"line":744,"column":8},"end":{"line":744,"column":22007}},"69":{"start":{"line":745,"column":12},"end":{"line":745,"column":22071}},"70":{"start":{"line":750,"column":12},"end":{"line":750,"column":63}},"71":{"start":{"line":752,"column":12},"end":{"line":752,"column":22293}},"72":{"start":{"line":759,"column":8},"end":{"line":759,"column":22484}},"73":{"start":{"line":763,"column":8},"end":{"line":763,"column":22604}}},"branchMap":{"1":{"line":144,"type":"if","locations":[{"start":{"line":144,"column":54},"end":{"line":144,"column":54}},{"start":{"line":144,"column":54},"end":{"line":144,"column":54}}]},"2":{"line":154,"type":"if","locations":[{"start":{"line":154,"column":61},"end":{"line":154,"column":61}},{"start":{"line":154,"column":61},"end":{"line":154,"column":61}}]},"3":{"line":156,"type":"if","locations":[{"start":{"line":156,"column":8},"end":{"line":156,"column":8}},{"start":{"line":156,"column":8},"end":{"line":156,"column":8}}]},"4":{"line":160,"type":"if","locations":[{"start":{"line":160,"column":8},"end":{"line":160,"column":8}},{"start":{"line":160,"column":8},"end":{"line":160,"column":8}}]},"5":{"line":321,"type":"if","locations":[{"start":{"line":321,"column":8},"end":{"line":321,"column":8}},{"start":{"line":321,"column":8},"end":{"line":321,"column":8}}]},"6":{"line":338,"type":"if","locations":[{"start":{"line":338,"column":12},"end":{"line":338,"column":12}},{"start":{"line":338,"column":12},"end":{"line":338,"column":12}}]},"7":{"line":378,"type":"if","locations":[{"start":{"line":378,"column":15},"end":{"line":378,"column":15}},{"start":{"line":378,"column":15},"end":{"line":378,"column":15}}]},"8":{"line":429,"type":"if","locations":[{"start":{"line":429,"column":15},"end":{"line":429,"column":15}},{"start":{"line":429,"column":15},"end":{"line":429,"column":15}}]},"9":{"line":430,"type":"if","locations":[{"start":{"line":430,"column":8},"end":{"line":430,"column":8}},{"start":{"line":430,"column":8},"end":{"line":430,"column":8}}]},"10":{"line":467,"type":"if","locations":[{"start":{"line":467,"column":15},"end":{"line":467,"column":15}},{"start":{"line":467,"column":15},"end":{"line":467,"column":15}}]},"11":{"line":468,"type":"if","locations":[{"start":{"line":468,"column":8},"end":{"line":468,"column":8}},{"start":{"line":468,"column":8},"end":{"line":468,"column":8}}]},"12":{"line":500,"type":"if","locations":[{"start":{"line":500,"column":15},"end":{"line":500,"column":15}},{"start":{"line":500,"column":15},"end":{"line":500,"column":15}}]},"13":{"line":551,"type":"if","locations":[{"start":{"line":551,"column":15},"end":{"line":551,"column":15}},{"start":{"line":551,"column":15},"end":{"line":551,"column":15}}]},"14":{"line":552,"type":"if","locations":[{"start":{"line":552,"column":8},"end":{"line":552,"column":8}},{"start":{"line":552,"column":8},"end":{"line":552,"column":8}}]},"15":{"line":586,"type":"if","locations":[{"start":{"line":586,"column":66},"end":{"line":586,"column":66}},{"start":{"line":586,"column":66},"end":{"line":586,"column":66}}]},"16":{"line":587,"type":"if","locations":[{"start":{"line":587,"column":8},"end":{"line":587,"column":8}},{"start":{"line":587,"column":8},"end":{"line":587,"column":8}}]},"17":{"line":605,"type":"if","locations":[{"start":{"line":605,"column":8},"end":{"line":605,"column":8}},{"start":{"line":605,"column":8},"end":{"line":605,"column":8}}]},"18":{"line":610,"type":"if","locations":[{"start":{"line":610,"column":8},"end":{"line":610,"column":8}},{"start":{"line":610,"column":8},"end":{"line":610,"column":8}}]},"19":{"line":629,"type":"if","locations":[{"start":{"line":629,"column":8},"end":{"line":629,"column":8}},{"start":{"line":629,"column":8},"end":{"line":629,"column":8}}]},"20":{"line":634,"type":"if","locations":[{"start":{"line":634,"column":8},"end":{"line":634,"column":8}},{"start":{"line":634,"column":8},"end":{"line":634,"column":8}}]},"21":{"line":662,"type":"if","locations":[{"start":{"line":662,"column":8},"end":{"line":662,"column":8}},{"start":{"line":662,"column":8},"end":{"line":662,"column":8}}]},"22":{"line":663,"type":"if","locations":[{"start":{"line":663,"column":8},"end":{"line":663,"column":8}},{"start":{"line":663,"column":8},"end":{"line":663,"column":8}}]},"23":{"line":667,"type":"if","locations":[{"start":{"line":667,"column":8},"end":{"line":667,"column":8}},{"start":{"line":667,"column":8},"end":{"line":667,"column":8}}]},"24":{"line":695,"type":"if","locations":[{"start":{"line":695,"column":8},"end":{"line":695,"column":8}},{"start":{"line":695,"column":8},"end":{"line":695,"column":8}}]},"25":{"line":696,"type":"if","locations":[{"start":{"line":696,"column":8},"end":{"line":696,"column":8}},{"start":{"line":696,"column":8},"end":{"line":696,"column":8}}]},"26":{"line":700,"type":"if","locations":[{"start":{"line":700,"column":8},"end":{"line":700,"column":8}},{"start":{"line":700,"column":8},"end":{"line":700,"column":8}}]},"27":{"line":703,"type":"if","locations":[{"start":{"line":703,"column":8},"end":{"line":703,"column":8}},{"start":{"line":703,"column":8},"end":{"line":703,"column":8}}]},"28":{"line":715,"type":"if","locations":[{"start":{"line":715,"column":8},"end":{"line":715,"column":8}},{"start":{"line":715,"column":8},"end":{"line":715,"column":8}}]},"29":{"line":728,"type":"if","locations":[{"start":{"line":728,"column":8},"end":{"line":728,"column":8}},{"start":{"line":728,"column":8},"end":{"line":728,"column":8}}]},"30":{"line":733,"type":"if","locations":[{"start":{"line":733,"column":8},"end":{"line":733,"column":8}},{"start":{"line":733,"column":8},"end":{"line":733,"column":8}}]},"31":{"line":738,"type":"if","locations":[{"start":{"line":738,"column":8},"end":{"line":738,"column":8}},{"start":{"line":738,"column":8},"end":{"line":738,"column":8}}]},"32":{"line":739,"type":"cond-expr","locations":[{"start":{"line":739,"column":12},"end":{"line":739,"column":44}},{"start":{"line":740,"column":16},"end":{"line":740,"column":71}}]},"33":{"line":744,"type":"if","locations":[{"start":{"line":744,"column":8},"end":{"line":744,"column":8}},{"start":{"line":744,"column":8},"end":{"line":744,"column":8}}]},"34":{"line":745,"type":"if","locations":[{"start":{"line":745,"column":12},"end":{"line":745,"column":12}},{"start":{"line":745,"column":12},"end":{"line":745,"column":12}}]},"35":{"line":763,"type":"if","locations":[{"start":{"line":763,"column":8},"end":{"line":763,"column":8}},{"start":{"line":763,"column":8},"end":{"line":763,"column":8}}]}}},"contracts/token/MockERC20.sol":{"l":{"12":52},"path":"/Users/danielng/WorkStation/Var/VAR-POC-contract/contracts/token/MockERC20.sol","s":{"1":52},"b":{},"f":{"1":78,"2":52},"fnMap":{"1":{"name":"constructor","line":7,"loc":{"start":{"line":7,"column":4},"end":{"line":8,"column":4}}},"2":{"name":"mint","line":11,"loc":{"start":{"line":11,"column":4},"end":{"line":13,"column":4}}}},"statementMap":{"1":{"start":{"line":12,"column":8},"end":{"line":12,"column":29}}},"branchMap":{}},"contracts/token/NFT.sol":{"l":{"27":6,"36":2,"40":1,"46":1,"52":0,"56":6,"60":0,"64":0,"77":2,"78":2,"79":2,"80":2,"81":2,"92":0,"96":0,"107":0,"108":0,"110":0,"111":0,"114":0},"path":"/Users/danielng/WorkStation/Var/VAR-POC-contract/contracts/token/NFT.sol","s":{"1":6,"2":2,"3":1,"4":1,"5":0,"6":0,"7":0,"8":2,"9":2,"10":2,"11":2,"12":0,"13":0,"14":0,"15":0,"16":0,"17":0},"b":{"1":[0,0],"2":[2,0],"3":[0,0]},"f":{"1":6,"2":2,"3":1,"4":1,"5":0,"6":6,"7":0,"8":0,"9":2,"10":0,"11":0},"fnMap":{"1":{"name":"constructor","line":26,"loc":{"start":{"line":22,"column":4},"end":{"line":28,"column":4}}},"2":{"name":"_beforeTokenTransfer","line":30,"loc":{"start":{"line":30,"column":4},"end":{"line":37,"column":4}}},"3":{"name":"_baseURI","line":39,"loc":{"start":{"line":39,"column":4},"end":{"line":41,"column":4}}},"4":{"name":"tokenURI","line":43,"loc":{"start":{"line":43,"column":4},"end":{"line":47,"column":4}}},"5":{"name":"supportsInterface","line":49,"loc":{"start":{"line":49,"column":4},"end":{"line":53,"column":4}}},"6":{"name":"_setBaseURI","line":55,"loc":{"start":{"line":55,"column":4},"end":{"line":57,"column":4}}},"7":{"name":"baseURI","line":59,"loc":{"start":{"line":59,"column":4},"end":{"line":61,"column":4}}},"8":{"name":"setURIPrefix","line":63,"loc":{"start":{"line":63,"column":4},"end":{"line":65,"column":4}}},"9":{"name":"mint","line":76,"loc":{"start":{"line":73,"column":4},"end":{"line":82,"column":4}}},"10":{"name":"_burn","line":88,"loc":{"start":{"line":88,"column":4},"end":{"line":97,"column":4}}},"11":{"name":"tokensOfOwner","line":104,"loc":{"start":{"line":104,"column":4},"end":{"line":115,"column":4}}}},"statementMap":{"1":{"start":{"line":27,"column":8},"end":{"line":27,"column":27}},"2":{"start":{"line":36,"column":8},"end":{"line":36,"column":63}},"3":{"start":{"line":40,"column":8},"end":{"line":40,"column":23}},"4":{"start":{"line":46,"column":8},"end":{"line":46,"column":38}},"5":{"start":{"line":52,"column":8},"end":{"line":52,"column":51}},"6":{"start":{"line":60,"column":8},"end":{"line":60,"column":25}},"7":{"start":{"line":64,"column":8},"end":{"line":64,"column":27}},"8":{"start":{"line":77,"column":8},"end":{"line":77,"column":43}},"9":{"start":{"line":78,"column":8},"end":{"line":78,"column":35}},"10":{"start":{"line":79,"column":8},"end":{"line":79,"column":33}},"11":{"start":{"line":81,"column":8},"end":{"line":81,"column":22}},"12":{"start":{"line":92,"column":8},"end":{"line":92,"column":2678}},"13":{"start":{"line":96,"column":8},"end":{"line":96,"column":21}},"14":{"start":{"line":107,"column":8},"end":{"line":107,"column":42}},"15":{"start":{"line":108,"column":8},"end":{"line":108,"column":56}},"16":{"start":{"line":110,"column":8},"end":{"line":110,"column":3238}},"17":{"start":{"line":114,"column":8},"end":{"line":114,"column":21}}},"branchMap":{"1":{"line":63,"type":"if","locations":[{"start":{"line":63,"column":56},"end":{"line":63,"column":56}},{"start":{"line":63,"column":56},"end":{"line":63,"column":56}}]},"2":{"line":76,"type":"if","locations":[{"start":{"line":76,"column":13},"end":{"line":76,"column":13}},{"start":{"line":76,"column":13},"end":{"line":76,"column":13}}]},"3":{"line":92,"type":"if","locations":[{"start":{"line":92,"column":8},"end":{"line":92,"column":8}},{"start":{"line":92,"column":8},"end":{"line":92,"column":8}}]}}}}