{"contracts/CollectionController.sol":{"l":{"123":12,"124":12,"125":12,"126":12,"127":12,"128":12,"153":7,"171":7,"176":7,"180":7,"181":7,"182":7,"183":7,"192":7,"193":7,"194":7,"227":9,"240":8,"245":8,"249":7,"250":7,"254":6,"259":4,"260":4,"261":4,"262":3,"264":2,"265":2,"267":1,"272":1,"278":3,"279":3,"284":3,"285":3,"286":3,"287":3,"302":2,"303":1,"305":1,"320":1,"330":1,"331":1,"332":1,"333":1,"334":1,"341":1,"355":1,"357":1,"361":1,"367":1,"369":1,"370":1,"385":1,"387":1,"391":1,"395":1,"400":1,"402":1,"403":1,"415":2,"417":2,"421":2,"425":2,"430":2,"432":2,"433":2,"441":1,"442":1,"446":1,"447":1,"448":1,"456":1,"457":1,"461":1,"465":1,"466":1,"474":1,"475":1,"479":1,"480":1,"481":1,"489":1,"490":1,"494":1,"498":1,"499":1,"513":9,"521":9,"522":9,"523":9,"534":9,"535":9,"538":9,"565":7,"577":7,"578":7,"579":7,"594":7,"595":7,"598":7},"path":"/Users/danielng/WorkStation/Var/VAR-POC-contract/contracts/CollectionController.sol","s":{"1":12,"2":12,"3":7,"4":7,"5":7,"6":7,"7":7,"8":7,"9":7,"10":9,"11":8,"12":8,"13":7,"14":7,"15":6,"16":4,"17":4,"18":4,"19":3,"20":2,"21":2,"22":1,"23":1,"24":3,"25":3,"26":3,"27":3,"28":2,"29":1,"30":1,"31":1,"32":1,"33":1,"34":1,"35":1,"36":1,"37":1,"38":1,"39":1,"40":1,"41":1,"42":1,"43":1,"44":1,"45":1,"46":1,"47":2,"48":2,"49":2,"50":2,"51":2,"52":1,"53":1,"54":1,"55":1,"56":1,"57":1,"58":1,"59":1,"60":1,"61":1,"62":1,"63":1,"64":1,"65":1,"66":1,"67":1,"68":9,"69":9,"70":9,"71":9,"72":9,"73":9,"74":7,"75":7,"76":7,"77":7,"78":7,"79":7},"b":{"1":[12,0],"2":[7,0],"3":[7,0],"4":[7,0],"5":[5,2],"6":[9,0],"7":[8,1],"8":[8,0],"9":[7,1],"10":[6,1],"11":[4,2],"12":[3,1],"13":[3,1],"14":[2,1],"15":[3,0],"16":[2,1],"17":[2,0],"18":[1,1],"19":[1,0],"20":[1,0],"21":[1,0],"22":[1,0],"23":[1,0],"24":[2,0],"25":[2,0],"26":[2,0],"27":[1,1],"28":[1,0],"29":[1,0],"30":[1,0],"31":[1,0],"32":[1,0],"33":[1,0],"34":[1,0],"35":[1,0],"36":[1,0],"37":[1,0],"38":[1,0],"39":[1,0]},"f":{"1":12,"2":7,"3":9,"4":2,"5":1,"6":1,"7":1,"8":1,"9":1,"10":2,"11":1,"12":1,"13":1,"14":1,"15":9,"16":9,"17":7,"18":7},"fnMap":{"1":{"name":"initialize","line":122,"loc":{"start":{"line":117,"column":4},"end":{"line":129,"column":4}}},"2":{"name":"createCollection","line":141,"loc":{"start":{"line":141,"column":4},"end":{"line":205,"column":4}}},"3":{"name":"mintNFT","line":226,"loc":{"start":{"line":219,"column":4},"end":{"line":295,"column":4}}},"4":{"name":"withdraw","line":301,"loc":{"start":{"line":301,"column":4},"end":{"line":310,"column":4}}},"5":{"name":"collectionsByArtist","line":317,"loc":{"start":{"line":317,"column":4},"end":{"line":321,"column":4}}},"6":{"name":"getNFTInfo","line":326,"loc":{"start":{"line":326,"column":4},"end":{"line":335,"column":4}}},"7":{"name":"isLayerMinted","line":340,"loc":{"start":{"line":340,"column":4},"end":{"line":342,"column":4}}},"8":{"name":"updateMintCap","line":354,"loc":{"start":{"line":354,"column":4},"end":{"line":371,"column":4}}},"9":{"name":"updateStartTime","line":381,"loc":{"start":{"line":381,"column":4},"end":{"line":404,"column":4}}},"10":{"name":"updateEndTime","line":414,"loc":{"start":{"line":414,"column":4},"end":{"line":434,"column":4}}},"11":{"name":"setFeeTo","line":440,"loc":{"start":{"line":440,"column":4},"end":{"line":449,"column":4}}},"12":{"name":"setRoyaltyFeeTo","line":455,"loc":{"start":{"line":455,"column":4},"end":{"line":467,"column":4}}},"13":{"name":"setRoyaltyFee","line":473,"loc":{"start":{"line":473,"column":4},"end":{"line":482,"column":4}}},"14":{"name":"setVerifier","line":488,"loc":{"start":{"line":488,"column":4},"end":{"line":500,"column":4}}},"15":{"name":"verifyMessage","line":504,"loc":{"start":{"line":504,"column":4},"end":{"line":524,"column":4}}},"16":{"name":"encodeData","line":526,"loc":{"start":{"line":526,"column":4},"end":{"line":550,"column":4}}},"17":{"name":"verifyCollectionCreationMessage","line":552,"loc":{"start":{"line":552,"column":4},"end":{"line":580,"column":4}}},"18":{"name":"encodeCollectionCreationData","line":582,"loc":{"start":{"line":582,"column":4},"end":{"line":614,"column":4}}}},"statementMap":{"1":{"start":{"line":123,"column":8},"end":{"line":123,"column":42}},"2":{"start":{"line":124,"column":8},"end":{"line":124,"column":58}},"3":{"start":{"line":153,"column":8},"end":{"line":153,"column":4630}},"4":{"start":{"line":171,"column":8},"end":{"line":171,"column":5167}},"5":{"start":{"line":176,"column":8},"end":{"line":176,"column":5298}},"6":{"start":{"line":180,"column":8},"end":{"line":180,"column":51}},"7":{"start":{"line":181,"column":8},"end":{"line":181,"column":51}},"8":{"start":{"line":192,"column":8},"end":{"line":192,"column":60}},"9":{"start":{"line":194,"column":8},"end":{"line":194,"column":5927}},"10":{"start":{"line":227,"column":8},"end":{"line":227,"column":6778}},"11":{"start":{"line":240,"column":8},"end":{"line":240,"column":7180}},"12":{"start":{"line":245,"column":8},"end":{"line":245,"column":7311}},"13":{"start":{"line":249,"column":8},"end":{"line":249,"column":64}},"14":{"start":{"line":250,"column":8},"end":{"line":250,"column":7511}},"15":{"start":{"line":254,"column":8},"end":{"line":254,"column":7655}},"16":{"start":{"line":259,"column":8},"end":{"line":259,"column":51}},"17":{"start":{"line":260,"column":8},"end":{"line":260,"column":67}},"18":{"start":{"line":261,"column":8},"end":{"line":261,"column":7936}},"19":{"start":{"line":262,"column":12},"end":{"line":262,"column":71}},"20":{"start":{"line":264,"column":12},"end":{"line":264,"column":59}},"21":{"start":{"line":265,"column":12},"end":{"line":265,"column":60}},"22":{"start":{"line":267,"column":12},"end":{"line":267,"column":8214}},"23":{"start":{"line":272,"column":12},"end":{"line":272,"column":8394}},"24":{"start":{"line":278,"column":8},"end":{"line":278,"column":47}},"25":{"start":{"line":279,"column":8},"end":{"line":279,"column":8626}},"26":{"start":{"line":284,"column":8},"end":{"line":284,"column":34}},"27":{"start":{"line":287,"column":8},"end":{"line":287,"column":8880}},"28":{"start":{"line":302,"column":8},"end":{"line":302,"column":9284}},"29":{"start":{"line":303,"column":12},"end":{"line":303,"column":65}},"30":{"start":{"line":305,"column":12},"end":{"line":305,"column":9412}},"31":{"start":{"line":320,"column":8},"end":{"line":320,"column":50}},"32":{"start":{"line":330,"column":8},"end":{"line":330,"column":64}},"33":{"start":{"line":331,"column":8},"end":{"line":331,"column":51}},"34":{"start":{"line":332,"column":8},"end":{"line":332,"column":49}},"35":{"start":{"line":333,"column":8},"end":{"line":333,"column":49}},"36":{"start":{"line":334,"column":8},"end":{"line":334,"column":32}},"37":{"start":{"line":341,"column":8},"end":{"line":341,"column":37}},"38":{"start":{"line":355,"column":8},"end":{"line":355,"column":64}},"39":{"start":{"line":357,"column":8},"end":{"line":357,"column":11005}},"40":{"start":{"line":361,"column":8},"end":{"line":361,"column":11148}},"41":{"start":{"line":367,"column":8},"end":{"line":367,"column":71}},"42":{"start":{"line":385,"column":8},"end":{"line":385,"column":64}},"43":{"start":{"line":387,"column":8},"end":{"line":387,"column":11939}},"44":{"start":{"line":391,"column":8},"end":{"line":391,"column":12082}},"45":{"start":{"line":395,"column":8},"end":{"line":395,"column":12225}},"46":{"start":{"line":400,"column":8},"end":{"line":400,"column":77}},"47":{"start":{"line":415,"column":8},"end":{"line":415,"column":64}},"48":{"start":{"line":417,"column":8},"end":{"line":417,"column":12913}},"49":{"start":{"line":421,"column":8},"end":{"line":421,"column":13056}},"50":{"start":{"line":425,"column":8},"end":{"line":425,"column":13199}},"51":{"start":{"line":430,"column":8},"end":{"line":430,"column":71}},"52":{"start":{"line":441,"column":8},"end":{"line":441,"column":32}},"53":{"start":{"line":442,"column":8},"end":{"line":442,"column":13701}},"54":{"start":{"line":446,"column":8},"end":{"line":446,"column":77}},"55":{"start":{"line":448,"column":8},"end":{"line":448,"column":50}},"56":{"start":{"line":456,"column":8},"end":{"line":456,"column":39}},"57":{"start":{"line":457,"column":8},"end":{"line":457,"column":14214}},"58":{"start":{"line":461,"column":8},"end":{"line":461,"column":14339}},"59":{"start":{"line":466,"column":8},"end":{"line":466,"column":64}},"60":{"start":{"line":474,"column":8},"end":{"line":474,"column":35}},"61":{"start":{"line":475,"column":8},"end":{"line":475,"column":14796}},"62":{"start":{"line":479,"column":8},"end":{"line":479,"column":77}},"63":{"start":{"line":481,"column":8},"end":{"line":481,"column":51}},"64":{"start":{"line":489,"column":8},"end":{"line":489,"column":38}},"65":{"start":{"line":490,"column":8},"end":{"line":490,"column":15298}},"66":{"start":{"line":494,"column":8},"end":{"line":494,"column":15419}},"67":{"start":{"line":499,"column":8},"end":{"line":499,"column":59}},"68":{"start":{"line":513,"column":8},"end":{"line":513,"column":15954}},"69":{"start":{"line":521,"column":8},"end":{"line":521,"column":65}},"70":{"start":{"line":522,"column":8},"end":{"line":522,"column":62}},"71":{"start":{"line":523,"column":8},"end":{"line":523,"column":36}},"72":{"start":{"line":534,"column":8},"end":{"line":534,"column":18}},"73":{"start":{"line":538,"column":8},"end":{"line":538,"column":16624}},"74":{"start":{"line":565,"column":8},"end":{"line":565,"column":17320}},"75":{"start":{"line":577,"column":8},"end":{"line":577,"column":65}},"76":{"start":{"line":578,"column":8},"end":{"line":578,"column":62}},"77":{"start":{"line":579,"column":8},"end":{"line":579,"column":36}},"78":{"start":{"line":594,"column":8},"end":{"line":594,"column":18}},"79":{"start":{"line":598,"column":8},"end":{"line":598,"column":18221}}},"branchMap":{"1":{"line":122,"type":"if","locations":[{"start":{"line":122,"column":13},"end":{"line":122,"column":13}},{"start":{"line":122,"column":13},"end":{"line":122,"column":13}}]},"2":{"line":153,"type":"if","locations":[{"start":{"line":153,"column":8},"end":{"line":153,"column":8}},{"start":{"line":153,"column":8},"end":{"line":153,"column":8}}]},"3":{"line":171,"type":"if","locations":[{"start":{"line":171,"column":8},"end":{"line":171,"column":8}},{"start":{"line":171,"column":8},"end":{"line":171,"column":8}}]},"4":{"line":176,"type":"if","locations":[{"start":{"line":176,"column":8},"end":{"line":176,"column":8}},{"start":{"line":176,"column":8},"end":{"line":176,"column":8}}]},"5":{"line":177,"type":"cond-expr","locations":[{"start":{"line":177,"column":12},"end":{"line":177,"column":59}},{"start":{"line":177,"column":64},"end":{"line":177,"column":75}}]},"6":{"line":226,"type":"if","locations":[{"start":{"line":226,"column":23},"end":{"line":226,"column":23}},{"start":{"line":226,"column":23},"end":{"line":226,"column":23}}]},"7":{"line":227,"type":"if","locations":[{"start":{"line":227,"column":8},"end":{"line":227,"column":8}},{"start":{"line":227,"column":8},"end":{"line":227,"column":8}}]},"8":{"line":240,"type":"if","locations":[{"start":{"line":240,"column":8},"end":{"line":240,"column":8}},{"start":{"line":240,"column":8},"end":{"line":240,"column":8}}]},"9":{"line":245,"type":"if","locations":[{"start":{"line":245,"column":8},"end":{"line":245,"column":8}},{"start":{"line":245,"column":8},"end":{"line":245,"column":8}}]},"10":{"line":250,"type":"if","locations":[{"start":{"line":250,"column":8},"end":{"line":250,"column":8}},{"start":{"line":250,"column":8},"end":{"line":250,"column":8}}]},"11":{"line":254,"type":"if","locations":[{"start":{"line":254,"column":8},"end":{"line":254,"column":8}},{"start":{"line":254,"column":8},"end":{"line":254,"column":8}}]},"12":{"line":255,"type":"cond-expr","locations":[{"start":{"line":255,"column":12},"end":{"line":255,"column":47}},{"start":{"line":255,"column":52},"end":{"line":255,"column":74}}]},"13":{"line":261,"type":"if","locations":[{"start":{"line":261,"column":8},"end":{"line":261,"column":8}},{"start":{"line":261,"column":8},"end":{"line":261,"column":8}}]},"14":{"line":262,"type":"if","locations":[{"start":{"line":262,"column":12},"end":{"line":262,"column":12}},{"start":{"line":262,"column":12},"end":{"line":262,"column":12}}]},"15":{"line":279,"type":"if","locations":[{"start":{"line":279,"column":8},"end":{"line":279,"column":8}},{"start":{"line":279,"column":8},"end":{"line":279,"column":8}}]},"16":{"line":301,"type":"if","locations":[{"start":{"line":301,"column":46},"end":{"line":301,"column":46}},{"start":{"line":301,"column":46},"end":{"line":301,"column":46}}]},"17":{"line":301,"type":"if","locations":[{"start":{"line":301,"column":56},"end":{"line":301,"column":56}},{"start":{"line":301,"column":56},"end":{"line":301,"column":56}}]},"18":{"line":302,"type":"if","locations":[{"start":{"line":302,"column":8},"end":{"line":302,"column":8}},{"start":{"line":302,"column":8},"end":{"line":302,"column":8}}]},"19":{"line":357,"type":"if","locations":[{"start":{"line":357,"column":8},"end":{"line":357,"column":8}},{"start":{"line":357,"column":8},"end":{"line":357,"column":8}}]},"20":{"line":361,"type":"if","locations":[{"start":{"line":361,"column":8},"end":{"line":361,"column":8}},{"start":{"line":361,"column":8},"end":{"line":361,"column":8}}]},"21":{"line":387,"type":"if","locations":[{"start":{"line":387,"column":8},"end":{"line":387,"column":8}},{"start":{"line":387,"column":8},"end":{"line":387,"column":8}}]},"22":{"line":391,"type":"if","locations":[{"start":{"line":391,"column":8},"end":{"line":391,"column":8}},{"start":{"line":391,"column":8},"end":{"line":391,"column":8}}]},"23":{"line":395,"type":"if","locations":[{"start":{"line":395,"column":8},"end":{"line":395,"column":8}},{"start":{"line":395,"column":8},"end":{"line":395,"column":8}}]},"24":{"line":417,"type":"if","locations":[{"start":{"line":417,"column":8},"end":{"line":417,"column":8}},{"start":{"line":417,"column":8},"end":{"line":417,"column":8}}]},"25":{"line":421,"type":"if","locations":[{"start":{"line":421,"column":8},"end":{"line":421,"column":8}},{"start":{"line":421,"column":8},"end":{"line":421,"column":8}}]},"26":{"line":425,"type":"if","locations":[{"start":{"line":425,"column":8},"end":{"line":425,"column":8}},{"start":{"line":425,"column":8},"end":{"line":425,"column":8}}]},"27":{"line":426,"type":"cond-expr","locations":[{"start":{"line":426,"column":12},"end":{"line":426,"column":42}},{"start":{"line":426,"column":47},"end":{"line":426,"column":59}}]},"28":{"line":440,"type":"if","locations":[{"start":{"line":440,"column":47},"end":{"line":440,"column":47}},{"start":{"line":440,"column":47},"end":{"line":440,"column":47}}]},"29":{"line":442,"type":"if","locations":[{"start":{"line":442,"column":8},"end":{"line":442,"column":8}},{"start":{"line":442,"column":8},"end":{"line":442,"column":8}}]},"30":{"line":446,"type":"if","locations":[{"start":{"line":446,"column":8},"end":{"line":446,"column":8}},{"start":{"line":446,"column":8},"end":{"line":446,"column":8}}]},"31":{"line":455,"type":"if","locations":[{"start":{"line":455,"column":61},"end":{"line":455,"column":61}},{"start":{"line":455,"column":61},"end":{"line":455,"column":61}}]},"32":{"line":457,"type":"if","locations":[{"start":{"line":457,"column":8},"end":{"line":457,"column":8}},{"start":{"line":457,"column":8},"end":{"line":457,"column":8}}]},"33":{"line":461,"type":"if","locations":[{"start":{"line":461,"column":8},"end":{"line":461,"column":8}},{"start":{"line":461,"column":8},"end":{"line":461,"column":8}}]},"34":{"line":473,"type":"if","locations":[{"start":{"line":473,"column":57},"end":{"line":473,"column":57}},{"start":{"line":473,"column":57},"end":{"line":473,"column":57}}]},"35":{"line":475,"type":"if","locations":[{"start":{"line":475,"column":8},"end":{"line":475,"column":8}},{"start":{"line":475,"column":8},"end":{"line":475,"column":8}}]},"36":{"line":479,"type":"if","locations":[{"start":{"line":479,"column":8},"end":{"line":479,"column":8}},{"start":{"line":479,"column":8},"end":{"line":479,"column":8}}]},"37":{"line":488,"type":"if","locations":[{"start":{"line":488,"column":53},"end":{"line":488,"column":53}},{"start":{"line":488,"column":53},"end":{"line":488,"column":53}}]},"38":{"line":490,"type":"if","locations":[{"start":{"line":490,"column":8},"end":{"line":490,"column":8}},{"start":{"line":490,"column":8},"end":{"line":490,"column":8}}]},"39":{"line":494,"type":"if","locations":[{"start":{"line":494,"column":8},"end":{"line":494,"column":8}},{"start":{"line":494,"column":8},"end":{"line":494,"column":8}}]}}},"contracts/interfaces/INFT.sol":{"l":{},"path":"/Users/danielng/WorkStation/Var/VAR-POC-contract/contracts/interfaces/INFT.sol","s":{},"b":{},"f":{},"fnMap":{},"statementMap":{},"branchMap":{}},"contracts/MemberPackageRegistry.sol":{"l":{"150":24,"151":24,"152":24,"160":1,"161":1,"162":1,"163":1,"164":1,"178":2,"189":4,"191":4,"201":8,"215":2,"229":4,"237":2,"248":5,"250":5,"260":8,"274":2,"288":4,"296":9,"299":9,"300":11,"302":9,"310":20,"311":16,"313":4,"316":20,"344":24,"345":24,"359":20,"361":20,"373":20,"397":6,"402":5,"415":3,"435":5,"439":4,"444":4,"446":4,"456":5,"460":4,"466":1,"492":24,"493":24,"507":20,"509":20,"520":20,"544":7,"548":6,"561":4,"579":5,"583":4,"588":4,"590":4,"598":5,"602":4,"604":1,"617":11,"622":10,"627":9,"633":5,"634":5,"637":5,"638":2,"641":5,"657":12,"662":11,"667":10,"673":5,"676":5,"678":5,"679":3,"680":3,"682":2,"683":0,"685":2,"689":5,"691":5,"714":48,"715":46,"720":42,"721":40,"722":40,"748":11,"749":11,"754":7,"756":7,"757":7,"761":7,"762":7,"763":7,"764":7,"765":7,"766":7,"767":7,"769":7,"770":1,"772":7,"780":19,"781":19,"786":17,"792":15,"794":15,"800":13,"801":13,"802":11,"804":8,"806":2,"813":10,"814":10,"822":8,"826":6,"827":6,"832":4,"838":2},"path":"/Users/danielng/WorkStation/Var/VAR-POC-contract/contracts/MemberPackageRegistry.sol","s":{"1":24,"2":24,"3":1,"4":1,"5":1,"6":1,"7":2,"8":4,"9":4,"10":4,"11":2,"12":5,"13":5,"14":4,"15":9,"16":9,"17":9,"18":20,"19":24,"20":24,"21":20,"22":18,"23":20,"24":6,"25":5,"26":3,"27":5,"28":4,"29":4,"30":4,"31":5,"32":4,"33":1,"34":24,"35":24,"36":20,"37":18,"38":20,"39":7,"40":6,"41":4,"42":5,"43":4,"44":4,"45":4,"46":5,"47":4,"48":1,"49":11,"50":10,"51":9,"52":5,"53":5,"54":5,"55":12,"56":11,"57":10,"58":5,"59":5,"60":5,"61":2,"62":5,"63":48,"64":46,"65":42,"66":11,"67":11,"68":7,"69":7,"70":7,"71":7,"72":1,"73":7,"74":19,"75":19,"76":17,"77":15,"78":15,"79":13,"80":13,"81":11,"82":8,"83":2,"84":10,"85":8,"86":6,"87":6,"88":4,"89":2},"b":{"1":[24,0],"2":[1,1],"3":[1,0],"4":[1,0],"5":[16,4],"6":[24,1],"7":[18,2],"8":[6,1],"9":[5,1],"10":[5,1],"11":[4,1],"12":[4,0],"13":[5,1],"14":[4,1],"15":[24,1],"16":[18,2],"17":[7,1],"18":[6,1],"19":[5,1],"20":[4,1],"21":[4,0],"22":[5,1],"23":[4,1],"24":[11,0],"25":[10,1],"26":[9,1],"27":[2,3],"28":[12,0],"29":[11,1],"30":[10,1],"31":[3,2],"32":[0,2],"33":[46,2],"34":[42,4],"35":[0,42],"36":[40,2],"37":[11,0],"38":[7,4],"39":[0,7],"40":[7,0],"41":[7,0],"42":[0,7],"43":[1,6],"44":[17,2],"45":[15,2],"46":[0,15],"47":[15,0],"48":[13,2],"49":[2,11],"50":[11,2],"51":[8,3],"52":[6,2],"53":[4,2],"54":[0,4],"55":[2,2],"56":[0,2]},"f":{"1":24,"2":1,"3":2,"4":4,"5":8,"6":2,"7":4,"8":2,"9":5,"10":8,"11":2,"12":4,"13":9,"14":20,"15":24,"16":6,"17":5,"18":5,"19":24,"20":7,"21":5,"22":5,"23":11,"24":12,"25":48,"26":11,"27":19,"28":8},"fnMap":{"1":{"name":"initialize","line":149,"loc":{"start":{"line":149,"column":4},"end":{"line":153,"column":4}}},"2":{"name":"setFeeTo","line":159,"loc":{"start":{"line":159,"column":4},"end":{"line":165,"column":4}}},"3":{"name":"getActiveCreatorPackageId","line":173,"loc":{"start":{"line":173,"column":4},"end":{"line":179,"column":4}}},"4":{"name":"getActiveCreatorPackage","line":184,"loc":{"start":{"line":184,"column":4},"end":{"line":192,"column":4}}},"5":{"name":"getCreatorPackage","line":198,"loc":{"start":{"line":198,"column":4},"end":{"line":206,"column":4}}},"6":{"name":"getCreatorPackageByKeyId","line":212,"loc":{"start":{"line":212,"column":4},"end":{"line":220,"column":4}}},"7":{"name":"getCreatorPackageSubscription","line":226,"loc":{"start":{"line":226,"column":4},"end":{"line":230,"column":4}}},"8":{"name":"getActiveUserPackageId","line":236,"loc":{"start":{"line":236,"column":4},"end":{"line":238,"column":4}}},"9":{"name":"getActiveUserPackage","line":243,"loc":{"start":{"line":243,"column":4},"end":{"line":251,"column":4}}},"10":{"name":"getUserPackage","line":257,"loc":{"start":{"line":257,"column":4},"end":{"line":265,"column":4}}},"11":{"name":"getUserPackageByKeyId","line":271,"loc":{"start":{"line":271,"column":4},"end":{"line":279,"column":4}}},"12":{"name":"getUserPackageSubscription","line":285,"loc":{"start":{"line":285,"column":4},"end":{"line":289,"column":4}}},"13":{"name":"_getActiveMemberPackage","line":292,"loc":{"start":{"line":292,"column":4},"end":{"line":303,"column":4}}},"14":{"name":"_getMemberPackageInfo","line":305,"loc":{"start":{"line":305,"column":4},"end":{"line":317,"column":4}}},"15":{"name":"addCreatorPackage","line":343,"loc":{"start":{"line":333,"column":4},"end":{"line":374,"column":4}}},"16":{"name":"updateCreatorPackage","line":396,"loc":{"start":{"line":387,"column":4},"end":{"line":426,"column":4}}},"17":{"name":"deactiveCreatorPackage","line":434,"loc":{"start":{"line":432,"column":4},"end":{"line":447,"column":4}}},"18":{"name":"activeCreatorPackage","line":455,"loc":{"start":{"line":453,"column":4},"end":{"line":467,"column":4}}},"19":{"name":"addUserPackage","line":491,"loc":{"start":{"line":481,"column":4},"end":{"line":521,"column":4}}},"20":{"name":"updateUserPackage","line":543,"loc":{"start":{"line":534,"column":4},"end":{"line":572,"column":4}}},"21":{"name":"deactiveUserPackage","line":578,"loc":{"start":{"line":578,"column":4},"end":{"line":591,"column":4}}},"22":{"name":"activeUserPackage","line":597,"loc":{"start":{"line":597,"column":4},"end":{"line":605,"column":4}}},"23":{"name":"subscribeCreatorPackage","line":616,"loc":{"start":{"line":613,"column":4},"end":{"line":647,"column":4}}},"24":{"name":"subscribeUserPackage","line":656,"loc":{"start":{"line":653,"column":4},"end":{"line":697,"column":4}}},"25":{"name":"_addMemberPackage","line":701,"loc":{"start":{"line":701,"column":4},"end":{"line":734,"column":4}}},"26":{"name":"_updateMemberPackage","line":736,"loc":{"start":{"line":736,"column":4},"end":{"line":773,"column":4}}},"27":{"name":"_subscribeMemberPackage","line":775,"loc":{"start":{"line":775,"column":4},"end":{"line":815,"column":4}}},"28":{"name":"_activeMemberPackage","line":817,"loc":{"start":{"line":817,"column":4},"end":{"line":839,"column":4}}}},"statementMap":{"1":{"start":{"line":150,"column":8},"end":{"line":150,"column":42}},"2":{"start":{"line":151,"column":8},"end":{"line":151,"column":58}},"3":{"start":{"line":160,"column":8},"end":{"line":160,"column":32}},"4":{"start":{"line":161,"column":8},"end":{"line":161,"column":76}},"5":{"start":{"line":162,"column":8},"end":{"line":162,"column":72}},"6":{"start":{"line":164,"column":8},"end":{"line":164,"column":50}},"7":{"start":{"line":178,"column":8},"end":{"line":178,"column":45}},"8":{"start":{"line":189,"column":8},"end":{"line":189,"column":73}},"9":{"start":{"line":191,"column":8},"end":{"line":191,"column":72}},"10":{"start":{"line":229,"column":8},"end":{"line":229,"column":47}},"11":{"start":{"line":237,"column":8},"end":{"line":237,"column":42}},"12":{"start":{"line":248,"column":8},"end":{"line":248,"column":70}},"13":{"start":{"line":250,"column":8},"end":{"line":250,"column":69}},"14":{"start":{"line":288,"column":8},"end":{"line":288,"column":44}},"15":{"start":{"line":296,"column":8},"end":{"line":296,"column":8495}},"16":{"start":{"line":299,"column":8},"end":{"line":299,"column":8604}},"17":{"start":{"line":302,"column":8},"end":{"line":302,"column":23}},"18":{"start":{"line":310,"column":8},"end":{"line":310,"column":9042}},"19":{"start":{"line":344,"column":8},"end":{"line":344,"column":54}},"20":{"start":{"line":345,"column":8},"end":{"line":345,"column":10171}},"21":{"start":{"line":359,"column":8},"end":{"line":359,"column":66}},"22":{"start":{"line":359,"column":23},"end":{"line":359,"column":65}},"23":{"start":{"line":361,"column":8},"end":{"line":361,"column":10557}},"24":{"start":{"line":397,"column":8},"end":{"line":397,"column":11672}},"25":{"start":{"line":402,"column":8},"end":{"line":402,"column":11810}},"26":{"start":{"line":415,"column":8},"end":{"line":415,"column":12126}},"27":{"start":{"line":435,"column":8},"end":{"line":435,"column":12615}},"28":{"start":{"line":439,"column":8},"end":{"line":439,"column":12751}},"29":{"start":{"line":444,"column":8},"end":{"line":444,"column":54}},"30":{"start":{"line":446,"column":8},"end":{"line":446,"column":55}},"31":{"start":{"line":456,"column":8},"end":{"line":456,"column":13236}},"32":{"start":{"line":460,"column":8},"end":{"line":460,"column":13372}},"33":{"start":{"line":466,"column":8},"end":{"line":466,"column":53}},"34":{"start":{"line":492,"column":8},"end":{"line":492,"column":48}},"35":{"start":{"line":493,"column":8},"end":{"line":493,"column":14422}},"36":{"start":{"line":507,"column":8},"end":{"line":507,"column":60}},"37":{"start":{"line":507,"column":23},"end":{"line":507,"column":59}},"38":{"start":{"line":509,"column":8},"end":{"line":509,"column":14793}},"39":{"start":{"line":544,"column":8},"end":{"line":544,"column":15840}},"40":{"start":{"line":548,"column":8},"end":{"line":548,"column":15968}},"41":{"start":{"line":561,"column":8},"end":{"line":561,"column":16275}},"42":{"start":{"line":579,"column":8},"end":{"line":579,"column":16729}},"43":{"start":{"line":583,"column":8},"end":{"line":583,"column":16856}},"44":{"start":{"line":588,"column":8},"end":{"line":588,"column":48}},"45":{"start":{"line":590,"column":8},"end":{"line":590,"column":49}},"46":{"start":{"line":598,"column":8},"end":{"line":598,"column":17291}},"47":{"start":{"line":602,"column":8},"end":{"line":602,"column":77}},"48":{"start":{"line":604,"column":8},"end":{"line":604,"column":47}},"49":{"start":{"line":617,"column":8},"end":{"line":617,"column":17824}},"50":{"start":{"line":622,"column":8},"end":{"line":622,"column":17957}},"51":{"start":{"line":627,"column":8},"end":{"line":627,"column":18092}},"52":{"start":{"line":633,"column":8},"end":{"line":633,"column":59}},"53":{"start":{"line":637,"column":8},"end":{"line":637,"column":18387}},"54":{"start":{"line":641,"column":8},"end":{"line":641,"column":18556}},"55":{"start":{"line":657,"column":8},"end":{"line":657,"column":18946}},"56":{"start":{"line":662,"column":8},"end":{"line":662,"column":19073}},"57":{"start":{"line":667,"column":8},"end":{"line":667,"column":19205}},"58":{"start":{"line":673,"column":8},"end":{"line":673,"column":19407}},"59":{"start":{"line":676,"column":8},"end":{"line":676,"column":34}},"60":{"start":{"line":678,"column":8},"end":{"line":678,"column":19489}},"61":{"start":{"line":682,"column":12},"end":{"line":682,"column":19701}},"62":{"start":{"line":691,"column":8},"end":{"line":691,"column":20027}},"63":{"start":{"line":714,"column":8},"end":{"line":714,"column":68}},"64":{"start":{"line":715,"column":8},"end":{"line":715,"column":20740}},"65":{"start":{"line":720,"column":8},"end":{"line":720,"column":74}},"66":{"start":{"line":748,"column":8},"end":{"line":748,"column":68}},"67":{"start":{"line":749,"column":8},"end":{"line":749,"column":21868}},"68":{"start":{"line":754,"column":8},"end":{"line":754,"column":74}},"69":{"start":{"line":756,"column":8},"end":{"line":756,"column":79}},"70":{"start":{"line":757,"column":8},"end":{"line":757,"column":22207}},"71":{"start":{"line":769,"column":8},"end":{"line":769,"column":22687}},"72":{"start":{"line":770,"column":12},"end":{"line":770,"column":49}},"73":{"start":{"line":772,"column":8},"end":{"line":772,"column":34}},"74":{"start":{"line":780,"column":8},"end":{"line":780,"column":78}},"75":{"start":{"line":781,"column":8},"end":{"line":781,"column":23141}},"76":{"start":{"line":786,"column":8},"end":{"line":786,"column":23277}},"77":{"start":{"line":792,"column":8},"end":{"line":792,"column":66}},"78":{"start":{"line":794,"column":8},"end":{"line":794,"column":23521}},"79":{"start":{"line":800,"column":8},"end":{"line":800,"column":56}},"80":{"start":{"line":801,"column":8},"end":{"line":801,"column":23809}},"81":{"start":{"line":802,"column":12},"end":{"line":802,"column":76}},"82":{"start":{"line":804,"column":12},"end":{"line":804,"column":43}},"83":{"start":{"line":806,"column":12},"end":{"line":806,"column":24016}},"84":{"start":{"line":814,"column":8},"end":{"line":814,"column":49}},"85":{"start":{"line":822,"column":8},"end":{"line":822,"column":24531}},"86":{"start":{"line":826,"column":8},"end":{"line":826,"column":78}},"87":{"start":{"line":827,"column":8},"end":{"line":827,"column":24744}},"88":{"start":{"line":832,"column":8},"end":{"line":832,"column":24918}},"89":{"start":{"line":838,"column":8},"end":{"line":838,"column":45}}},"branchMap":{"1":{"line":149,"type":"if","locations":[{"start":{"line":149,"column":47},"end":{"line":149,"column":47}},{"start":{"line":149,"column":47},"end":{"line":149,"column":47}}]},"2":{"line":159,"type":"if","locations":[{"start":{"line":159,"column":47},"end":{"line":159,"column":47}},{"start":{"line":159,"column":47},"end":{"line":159,"column":47}}]},"3":{"line":161,"type":"if","locations":[{"start":{"line":161,"column":8},"end":{"line":161,"column":8}},{"start":{"line":161,"column":8},"end":{"line":161,"column":8}}]},"4":{"line":162,"type":"if","locations":[{"start":{"line":162,"column":8},"end":{"line":162,"column":8}},{"start":{"line":162,"column":8},"end":{"line":162,"column":8}}]},"5":{"line":310,"type":"if","locations":[{"start":{"line":310,"column":8},"end":{"line":310,"column":8}},{"start":{"line":310,"column":8},"end":{"line":310,"column":8}}]},"6":{"line":343,"type":"if","locations":[{"start":{"line":343,"column":15},"end":{"line":343,"column":15}},{"start":{"line":343,"column":15},"end":{"line":343,"column":15}}]},"7":{"line":359,"type":"if","locations":[{"start":{"line":359,"column":8},"end":{"line":359,"column":8}},{"start":{"line":359,"column":8},"end":{"line":359,"column":8}}]},"8":{"line":396,"type":"if","locations":[{"start":{"line":396,"column":15},"end":{"line":396,"column":15}},{"start":{"line":396,"column":15},"end":{"line":396,"column":15}}]},"9":{"line":397,"type":"if","locations":[{"start":{"line":397,"column":8},"end":{"line":397,"column":8}},{"start":{"line":397,"column":8},"end":{"line":397,"column":8}}]},"10":{"line":434,"type":"if","locations":[{"start":{"line":434,"column":15},"end":{"line":434,"column":15}},{"start":{"line":434,"column":15},"end":{"line":434,"column":15}}]},"11":{"line":435,"type":"if","locations":[{"start":{"line":435,"column":8},"end":{"line":435,"column":8}},{"start":{"line":435,"column":8},"end":{"line":435,"column":8}}]},"12":{"line":439,"type":"if","locations":[{"start":{"line":439,"column":8},"end":{"line":439,"column":8}},{"start":{"line":439,"column":8},"end":{"line":439,"column":8}}]},"13":{"line":455,"type":"if","locations":[{"start":{"line":455,"column":15},"end":{"line":455,"column":15}},{"start":{"line":455,"column":15},"end":{"line":455,"column":15}}]},"14":{"line":456,"type":"if","locations":[{"start":{"line":456,"column":8},"end":{"line":456,"column":8}},{"start":{"line":456,"column":8},"end":{"line":456,"column":8}}]},"15":{"line":491,"type":"if","locations":[{"start":{"line":491,"column":15},"end":{"line":491,"column":15}},{"start":{"line":491,"column":15},"end":{"line":491,"column":15}}]},"16":{"line":507,"type":"if","locations":[{"start":{"line":507,"column":8},"end":{"line":507,"column":8}},{"start":{"line":507,"column":8},"end":{"line":507,"column":8}}]},"17":{"line":543,"type":"if","locations":[{"start":{"line":543,"column":15},"end":{"line":543,"column":15}},{"start":{"line":543,"column":15},"end":{"line":543,"column":15}}]},"18":{"line":544,"type":"if","locations":[{"start":{"line":544,"column":8},"end":{"line":544,"column":8}},{"start":{"line":544,"column":8},"end":{"line":544,"column":8}}]},"19":{"line":578,"type":"if","locations":[{"start":{"line":578,"column":66},"end":{"line":578,"column":66}},{"start":{"line":578,"column":66},"end":{"line":578,"column":66}}]},"20":{"line":579,"type":"if","locations":[{"start":{"line":579,"column":8},"end":{"line":579,"column":8}},{"start":{"line":579,"column":8},"end":{"line":579,"column":8}}]},"21":{"line":583,"type":"if","locations":[{"start":{"line":583,"column":8},"end":{"line":583,"column":8}},{"start":{"line":583,"column":8},"end":{"line":583,"column":8}}]},"22":{"line":597,"type":"if","locations":[{"start":{"line":597,"column":64},"end":{"line":597,"column":64}},{"start":{"line":597,"column":64},"end":{"line":597,"column":64}}]},"23":{"line":598,"type":"if","locations":[{"start":{"line":598,"column":8},"end":{"line":598,"column":8}},{"start":{"line":598,"column":8},"end":{"line":598,"column":8}}]},"24":{"line":616,"type":"if","locations":[{"start":{"line":616,"column":23},"end":{"line":616,"column":23}},{"start":{"line":616,"column":23},"end":{"line":616,"column":23}}]},"25":{"line":617,"type":"if","locations":[{"start":{"line":617,"column":8},"end":{"line":617,"column":8}},{"start":{"line":617,"column":8},"end":{"line":617,"column":8}}]},"26":{"line":622,"type":"if","locations":[{"start":{"line":622,"column":8},"end":{"line":622,"column":8}},{"start":{"line":622,"column":8},"end":{"line":622,"column":8}}]},"27":{"line":637,"type":"if","locations":[{"start":{"line":637,"column":8},"end":{"line":637,"column":8}},{"start":{"line":637,"column":8},"end":{"line":637,"column":8}}]},"28":{"line":656,"type":"if","locations":[{"start":{"line":656,"column":23},"end":{"line":656,"column":23}},{"start":{"line":656,"column":23},"end":{"line":656,"column":23}}]},"29":{"line":657,"type":"if","locations":[{"start":{"line":657,"column":8},"end":{"line":657,"column":8}},{"start":{"line":657,"column":8},"end":{"line":657,"column":8}}]},"30":{"line":662,"type":"if","locations":[{"start":{"line":662,"column":8},"end":{"line":662,"column":8}},{"start":{"line":662,"column":8},"end":{"line":662,"column":8}}]},"31":{"line":678,"type":"if","locations":[{"start":{"line":678,"column":8},"end":{"line":678,"column":8}},{"start":{"line":678,"column":8},"end":{"line":678,"column":8}}]},"32":{"line":682,"type":"if","locations":[{"start":{"line":682,"column":12},"end":{"line":682,"column":12}},{"start":{"line":682,"column":12},"end":{"line":682,"column":12}}]},"33":{"line":714,"type":"if","locations":[{"start":{"line":714,"column":8},"end":{"line":714,"column":8}},{"start":{"line":714,"column":8},"end":{"line":714,"column":8}}]},"34":{"line":715,"type":"if","locations":[{"start":{"line":715,"column":8},"end":{"line":715,"column":8}},{"start":{"line":715,"column":8},"end":{"line":715,"column":8}}]},"35":{"line":716,"type":"cond-expr","locations":[{"start":{"line":716,"column":12},"end":{"line":716,"column":24}},{"start":{"line":717,"column":16},"end":{"line":717,"column":68}}]},"36":{"line":720,"type":"if","locations":[{"start":{"line":720,"column":8},"end":{"line":720,"column":8}},{"start":{"line":720,"column":8},"end":{"line":720,"column":8}}]},"37":{"line":748,"type":"if","locations":[{"start":{"line":748,"column":8},"end":{"line":748,"column":8}},{"start":{"line":748,"column":8},"end":{"line":748,"column":8}}]},"38":{"line":749,"type":"if","locations":[{"start":{"line":749,"column":8},"end":{"line":749,"column":8}},{"start":{"line":749,"column":8},"end":{"line":749,"column":8}}]},"39":{"line":750,"type":"cond-expr","locations":[{"start":{"line":750,"column":12},"end":{"line":750,"column":24}},{"start":{"line":751,"column":16},"end":{"line":751,"column":68}}]},"40":{"line":754,"type":"if","locations":[{"start":{"line":754,"column":8},"end":{"line":754,"column":8}},{"start":{"line":754,"column":8},"end":{"line":754,"column":8}}]},"41":{"line":757,"type":"if","locations":[{"start":{"line":757,"column":8},"end":{"line":757,"column":8}},{"start":{"line":757,"column":8},"end":{"line":757,"column":8}}]},"42":{"line":758,"type":"cond-expr","locations":[{"start":{"line":758,"column":12},"end":{"line":758,"column":31}},{"start":{"line":758,"column":36},"end":{"line":758,"column":78}}]},"43":{"line":769,"type":"if","locations":[{"start":{"line":769,"column":8},"end":{"line":769,"column":8}},{"start":{"line":769,"column":8},"end":{"line":769,"column":8}}]},"44":{"line":781,"type":"if","locations":[{"start":{"line":781,"column":8},"end":{"line":781,"column":8}},{"start":{"line":781,"column":8},"end":{"line":781,"column":8}}]},"45":{"line":786,"type":"if","locations":[{"start":{"line":786,"column":8},"end":{"line":786,"column":8}},{"start":{"line":786,"column":8},"end":{"line":786,"column":8}}]},"46":{"line":787,"type":"cond-expr","locations":[{"start":{"line":787,"column":12},"end":{"line":787,"column":37}},{"start":{"line":788,"column":16},"end":{"line":788,"column":55}}]},"47":{"line":792,"type":"if","locations":[{"start":{"line":792,"column":8},"end":{"line":792,"column":8}},{"start":{"line":792,"column":8},"end":{"line":792,"column":8}}]},"48":{"line":794,"type":"if","locations":[{"start":{"line":794,"column":8},"end":{"line":794,"column":8}},{"start":{"line":794,"column":8},"end":{"line":794,"column":8}}]},"49":{"line":795,"type":"cond-expr","locations":[{"start":{"line":795,"column":12},"end":{"line":795,"column":44}},{"start":{"line":796,"column":16},"end":{"line":797,"column":54}}]},"50":{"line":801,"type":"if","locations":[{"start":{"line":801,"column":8},"end":{"line":801,"column":8}},{"start":{"line":801,"column":8},"end":{"line":801,"column":8}}]},"51":{"line":802,"type":"if","locations":[{"start":{"line":802,"column":12},"end":{"line":802,"column":12}},{"start":{"line":802,"column":12},"end":{"line":802,"column":12}}]},"52":{"line":822,"type":"if","locations":[{"start":{"line":822,"column":8},"end":{"line":822,"column":8}},{"start":{"line":822,"column":8},"end":{"line":822,"column":8}}]},"53":{"line":827,"type":"if","locations":[{"start":{"line":827,"column":8},"end":{"line":827,"column":8}},{"start":{"line":827,"column":8},"end":{"line":827,"column":8}}]},"54":{"line":828,"type":"cond-expr","locations":[{"start":{"line":828,"column":12},"end":{"line":828,"column":37}},{"start":{"line":829,"column":16},"end":{"line":829,"column":54}}]},"55":{"line":832,"type":"if","locations":[{"start":{"line":832,"column":8},"end":{"line":832,"column":8}},{"start":{"line":832,"column":8},"end":{"line":832,"column":8}}]},"56":{"line":833,"type":"cond-expr","locations":[{"start":{"line":833,"column":12},"end":{"line":833,"column":44}},{"start":{"line":834,"column":16},"end":{"line":834,"column":71}}]}}},"contracts/token/MockERC20.sol":{"l":{"12":72},"path":"/Users/danielng/WorkStation/Var/VAR-POC-contract/contracts/token/MockERC20.sol","s":{"1":72},"b":{},"f":{"1":108,"2":72},"fnMap":{"1":{"name":"constructor","line":7,"loc":{"start":{"line":7,"column":4},"end":{"line":8,"column":4}}},"2":{"name":"mint","line":11,"loc":{"start":{"line":11,"column":4},"end":{"line":13,"column":4}}}},"statementMap":{"1":{"start":{"line":12,"column":8},"end":{"line":12,"column":29}}},"branchMap":{}},"contracts/token/NFT.sol":{"l":{"27":7,"36":3,"40":1,"46":1,"52":0,"56":7,"60":0,"64":0,"77":3,"78":3,"79":3,"80":3,"81":3,"92":0,"96":0,"107":0,"108":0,"110":0,"111":0,"114":0},"path":"/Users/danielng/WorkStation/Var/VAR-POC-contract/contracts/token/NFT.sol","s":{"1":7,"2":3,"3":1,"4":1,"5":0,"6":0,"7":0,"8":3,"9":3,"10":3,"11":3,"12":0,"13":0,"14":0,"15":0,"16":0,"17":0},"b":{"1":[0,0],"2":[3,0],"3":[0,0]},"f":{"1":7,"2":3,"3":1,"4":1,"5":0,"6":7,"7":0,"8":0,"9":3,"10":0,"11":0},"fnMap":{"1":{"name":"constructor","line":26,"loc":{"start":{"line":22,"column":4},"end":{"line":28,"column":4}}},"2":{"name":"_beforeTokenTransfer","line":30,"loc":{"start":{"line":30,"column":4},"end":{"line":37,"column":4}}},"3":{"name":"_baseURI","line":39,"loc":{"start":{"line":39,"column":4},"end":{"line":41,"column":4}}},"4":{"name":"tokenURI","line":43,"loc":{"start":{"line":43,"column":4},"end":{"line":47,"column":4}}},"5":{"name":"supportsInterface","line":49,"loc":{"start":{"line":49,"column":4},"end":{"line":53,"column":4}}},"6":{"name":"_setBaseURI","line":55,"loc":{"start":{"line":55,"column":4},"end":{"line":57,"column":4}}},"7":{"name":"baseURI","line":59,"loc":{"start":{"line":59,"column":4},"end":{"line":61,"column":4}}},"8":{"name":"setURIPrefix","line":63,"loc":{"start":{"line":63,"column":4},"end":{"line":65,"column":4}}},"9":{"name":"mint","line":76,"loc":{"start":{"line":73,"column":4},"end":{"line":82,"column":4}}},"10":{"name":"_burn","line":88,"loc":{"start":{"line":88,"column":4},"end":{"line":97,"column":4}}},"11":{"name":"tokensOfOwner","line":104,"loc":{"start":{"line":104,"column":4},"end":{"line":115,"column":4}}}},"statementMap":{"1":{"start":{"line":27,"column":8},"end":{"line":27,"column":27}},"2":{"start":{"line":36,"column":8},"end":{"line":36,"column":63}},"3":{"start":{"line":40,"column":8},"end":{"line":40,"column":23}},"4":{"start":{"line":46,"column":8},"end":{"line":46,"column":38}},"5":{"start":{"line":52,"column":8},"end":{"line":52,"column":51}},"6":{"start":{"line":60,"column":8},"end":{"line":60,"column":25}},"7":{"start":{"line":64,"column":8},"end":{"line":64,"column":27}},"8":{"start":{"line":77,"column":8},"end":{"line":77,"column":43}},"9":{"start":{"line":78,"column":8},"end":{"line":78,"column":35}},"10":{"start":{"line":79,"column":8},"end":{"line":79,"column":33}},"11":{"start":{"line":81,"column":8},"end":{"line":81,"column":22}},"12":{"start":{"line":92,"column":8},"end":{"line":92,"column":2678}},"13":{"start":{"line":96,"column":8},"end":{"line":96,"column":21}},"14":{"start":{"line":107,"column":8},"end":{"line":107,"column":42}},"15":{"start":{"line":108,"column":8},"end":{"line":108,"column":56}},"16":{"start":{"line":110,"column":8},"end":{"line":110,"column":3238}},"17":{"start":{"line":114,"column":8},"end":{"line":114,"column":21}}},"branchMap":{"1":{"line":63,"type":"if","locations":[{"start":{"line":63,"column":56},"end":{"line":63,"column":56}},{"start":{"line":63,"column":56},"end":{"line":63,"column":56}}]},"2":{"line":76,"type":"if","locations":[{"start":{"line":76,"column":13},"end":{"line":76,"column":13}},{"start":{"line":76,"column":13},"end":{"line":76,"column":13}}]},"3":{"line":92,"type":"if","locations":[{"start":{"line":92,"column":8},"end":{"line":92,"column":8}},{"start":{"line":92,"column":8},"end":{"line":92,"column":8}}]}}}}